[2019-10-08 11:11:02,181::DEBUG::/home/mitchellkrog/miniconda/envs/phishing-domains/lib/python3.7/site-packages/PyFunceble/config/merge.py:113@_is_local_version_different_from_upstream](PID12731): Local version is different from upstream: False
[2019-10-08 11:11:02,182::DEBUG::PyFunceble/dispatcher.py:93@__init__](PID12731): CONFIGURATION:
{'adblock': False, 'aggressive': False, 'auto_continue': True, 'command': '', 'command_before_end': '', 'custom_ip': '0.0.0.0', 'days_between_db_retest': 1, 'db_type': 'mariadb', 'debug': True, 'dns_server': ['158.69.2.23'], 'filter': '', 'generate_complements': False, 'generate_hosts': True, 'generate_json': False, 'header_printed': False, 'hierarchical_sorting': False, 'http_codes': {'active': True, 'list': {'potentially_down': [400, 402, 403, 404, 409, 410, 412, 414, 415, 416], 'potentially_up': [0, 300, 301, 302, 303, 304, 305, 307, 403, 405, 406, 407, 408, 411, 413, 417, 500, 501, 502, 503, 504, 505], 'up': [100, 101, 200, 201, 202, 203, 204, 205, 206]}, 'not_found_default': 'XXX'}, 'iana_whois_server': 'whois.iana.org', 'idna_conversion': True, 'inactive_database': True, 'less': True, 'links': {'api_date_format': 'https://pyfunceble.funilrys.com/api/date-format', 'api_no_referer': 'https://pyfunceble.funilrys.com/api/no-referer', 'config': 'https://raw.githubusercontent.com/funilrys/PyFunceble/dev/.PyFunceble_production.yaml', 'dir_structure': 'https://raw.githubusercontent.com/funilrys/PyFunceble/dev/dir_structure_production.json', 'iana': 'https://raw.githubusercontent.com/funilrys/PyFunceble/dev/iana-domains-db.json', 'mariadb': 'https://raw.githubusercontent.com/funilrys/PyFunceble/dev/db_types/mariadb.sql', 'mysql': 'https://raw.githubusercontent.com/funilrys/PyFunceble/dev/db_types/mysql.sql', 'psl': 'https://raw.githubusercontent.com/funilrys/PyFunceble/dev/public-suffix.json', 'repo': 'https://github.com/funilrys/PyFunceble', 'requirements': 'https://raw.githubusercontent.com/funilrys/PyFunceble/dev/requirements.txt', 'sqlite': 'https://raw.githubusercontent.com/funilrys/PyFunceble/dev/db_types/sqlite.sql'}, 'local': False, 'logs': True, 'maximal_processes': 25, 'mining': False, 'multiprocess': False, 'no_files': False, 'no_special': False, 'no_whois': False, 'outputs': {'analytic': {'directories': {'parent': 'Analytic/', 'potentially_down': 'POTENTIALLY_INACTIVE/', 'potentially_up': 'POTENTIALLY_ACTIVE/', 'suspicious': 'SUSPICIOUS/', 'up': 'ACTIVE/'}, 'filenames': {'potentially_down': 'down_or_potentially_down', 'potentially_up': 'potentially_up', 'suspicious': 'suspicious_and_merged_in_results', 'up': 'active_and_merged_in_results'}}, 'complements': {'directory': 'complements/'}, 'db_type': {'directory': 'db_types/', 'files': {'mariadb': 'mariadb.sql', 'mysql': 'mysql.sql', 'sqlite': 'sqlite.sql'}}, 'default_files': {'dir_structure': 'dir_structure.json', 'iana': 'iana-domains-db.json', 'inactive_db': 'inactive_db.json', 'mining': 'mining.json', 'public_suffix': 'public-suffix.json', 'results': 'results.txt', 'sqlite': 'pyfunceble.db', 'whois_db': 'whois_db.json'}, 'domains': {'directory': 'domains/', 'filename': 'list'}, 'hosts': {'directory': 'hosts/', 'filename': 'hosts', 'ip_filename': 'ips'}, 'json': {'directory': 'json/', 'filename': 'dump.json'}, 'logs': {'directories': {'parent': 'logs/', 'percentage': 'percentage/'}, 'filenames': {'auto_continue': 'continue.json', 'date_format': 'date_format.json', 'execution_time': 'execution_time.json', 'no_referer': 'no_referer.json', 'percentage': 'percentage.txt', 'whois': 'whois.json'}}, 'parent_directory': 'output/', 'splited': {'directory': 'splited/'}}, 'plain_list_domain': True, 'quiet': False, 'share_logs': False, 'show_execution_time': True, 'show_percentage': True, 'simple': False, 'split': True, 'status': {'list': {'down': ['down', 'inactive', 'error'], 'generic': ['generic'], 'http_active': ['http_active'], 'invalid': ['ouch', 'invalid'], 'potentially_down': ['potentially_down', 'potentially_inactive'], 'potentially_up': ['potentially_up', 'potentially_active'], 'suspicious': ['strange', 'suspicious', 'hum'], 'up': ['up', 'active'], 'valid': ['valid', 'syntax_valid', 'valid_syntax']}, 'official': {'down': 'INACTIVE', 'invalid': 'INVALID', 'up': 'ACTIVE', 'valid': 'VALID'}}, 'syntax': False, 'timeout': 1, 'timout': 3, 'travis': False, 'travis_autosave_commit': 'PyFunceble - AutoSave', 'travis_autosave_final_commit': 'PyFunceble - Results', 'travis_autosave_minutes': 15, 'travis_branch': 'master', 'unified': False, 'user_agent': 'Mozilla/5.0 (X11; Linux x86_64) AppleWebKit/537.36 (KHTML, like Gecko) Chrome/73.0.3683.86 Safari/537.36', 'verify_ssl_certificate': False, 'whois_database': True}
[2019-10-08 11:11:02,183::DEBUG::PyFunceble/execution_time.py:263@_starting_time](PID12731): Starting time: 1570525862.182808 | 2019-10-08 11:11:02.182808
[2019-10-08 11:11:02,196::DEBUG::PyFunceble/preset.py:343@timeout](PID12731): CONFIGURATION.timeout switched to 3.0
[2019-10-08 11:11:02,198::DEBUG::PyFunceble/inactive_db.py:96@__init__](PID12731): Authorization: True
[2019-10-08 11:11:03,108::DEBUG::PyFunceble/inactive_db.py:121@__init__](PID12731): DB: <PyFunceble.mysql.MySQL object at 0x7fc6b0ac2198>
[2019-10-08 11:11:03,108::DEBUG::PyFunceble/inactive_db.py:122@__init__](PID12731): Table Name: pyfunceble_inactive
[2019-10-08 11:11:03,108::DEBUG::PyFunceble/inactive_db.py:123@__init__](PID12731): DB (File): 
[2019-10-08 11:11:03,109::DEBUG::PyFunceble/whois_db.py:93@__init__](PID12731): DB: <PyFunceble.mysql.MySQL object at 0x7fc6b0ac2198>
[2019-10-08 11:11:03,109::DEBUG::PyFunceble/whois_db.py:94@__init__](PID12731): Table Name: pyfunceble_whois
[2019-10-08 11:11:03,109::DEBUG::PyFunceble/whois_db.py:95@__init__](PID12731): DB (File): 
[2019-10-08 11:11:03,110::DEBUG::PyFunceble/mining.py:96@__init__](PID12731): Authorization: False
[2019-10-08 11:11:03,110::DEBUG::PyFunceble/mining.py:97@__init__](PID12731): DB: <PyFunceble.mysql.MySQL object at 0x7fc6b0ac2198>
[2019-10-08 11:11:03,110::DEBUG::PyFunceble/mining.py:98@__init__](PID12731): Table Name: pyfunceble_mining
[2019-10-08 11:11:03,111::DEBUG::PyFunceble/auto_continue.py:101@__init__](PID12731): Authorization: True
[2019-10-08 11:11:03,111::DEBUG::PyFunceble/auto_continue.py:102@__init__](PID12731): DB: <PyFunceble.mysql.MySQL object at 0x7fc6b0ac2198>
[2019-10-08 11:11:03,111::DEBUG::PyFunceble/auto_continue.py:103@__init__](PID12731): Table Name: pyfunceble_auto_continue
[2019-10-08 11:11:03,112::DEBUG::PyFunceble/auto_continue.py:118@__init__](PID12731): DB (File): 
[2019-10-08 11:11:03,132::DEBUG::PyFunceble/prints.py:106@__init__](PID12731): Template: Less
[2019-10-08 11:11:03,133::DEBUG::PyFunceble/prints.py:107@__init__](PID12731): Destination: None
[2019-10-08 11:11:03,133::DEBUG::PyFunceble/prints.py:108@__init__](PID12731): Data to print:
[2019-10-08 11:11:03,133::DEBUG::PyFunceble/prints.py:109@__init__](PID12731): Only print on file: False
[2019-10-08 11:11:03,880::DEBUG::PyFunceble/status.py:117@__init__](PID12731): [027sn.com] File: /home/mitchellkrog/PyFuncebleTests/Phishing.Domains/input/ALL-feeds.lst
[2019-10-08 11:11:03,880::DEBUG::PyFunceble/status.py:119@__init__](PID12731): [027sn.com] Exclude file generation: False
[2019-10-08 11:11:03,881::DEBUG::PyFunceble/referer.py:216@__init__](PID12731): Extension to get the referer for: com
[2019-10-08 11:11:03,882::DEBUG::PyFunceble/http_code.py:133@__init__](PID12731): Subject: 'http://027sn.com:80'
[2019-10-08 11:11:03,882::DEBUG::PyFunceble/referer.py:262@get](PID12731): Referer: whois.verisign-grs.com
[2019-10-08 11:11:03,883::DEBUG::PyFunceble/http_code.py:134@__init__](PID12731): Headers:
[2019-10-08 11:11:03,885::DEBUG::PyFunceble/dns_lookup.py:101@__init__](PID12731): Given DNS server: ['158.69.2.23']
[2019-10-08 11:11:03,886::DEBUG::PyFunceble/dns_lookup.py:125@__init__](PID12731): DNS Resolver Nameservers: ['158.69.2.23']
[2019-10-08 11:11:03,886::DEBUG::PyFunceble/dns_lookup.py:127@__init__](PID12731): DNS Resolver timeout: 3
[2019-10-08 11:11:03,887::DEBUG::PyFunceble/dns_lookup.py:128@__init__](PID12731): DNS Resolver lifetime: 3
[2019-10-08 11:16:22,931::DEBUG::/home/mitchellkrog/miniconda/envs/phishing-domains/lib/python3.7/site-packages/PyFunceble/config/merge.py:113@_is_local_version_different_from_upstream](PID16310): Local version is different from upstream: False
[2019-10-08 11:16:22,933::DEBUG::PyFunceble/dispatcher.py:93@__init__](PID16310): CONFIGURATION:
[2019-10-08 11:16:22,933::DEBUG::PyFunceble/execution_time.py:263@_starting_time](PID16310): Starting time: 1570526182.933306 | 2019-10-08 11:16:22.933306
[2019-10-08 11:16:22,948::DEBUG::PyFunceble/preset.py:343@timeout](PID16310): CONFIGURATION.timeout switched to 3.0
[2019-10-08 11:16:22,949::DEBUG::PyFunceble/inactive_db.py:96@__init__](PID16310): Authorization: True
[2019-10-08 11:16:23,854::DEBUG::PyFunceble/inactive_db.py:121@__init__](PID16310): DB: <PyFunceble.mysql.MySQL object at 0x7f272ed6ecf8>
[2019-10-08 11:16:23,855::DEBUG::PyFunceble/inactive_db.py:122@__init__](PID16310): Table Name: pyfunceble_inactive
[2019-10-08 11:16:23,855::DEBUG::PyFunceble/inactive_db.py:123@__init__](PID16310): DB (File): 
[2019-10-08 11:16:23,856::DEBUG::PyFunceble/whois_db.py:93@__init__](PID16310): DB: <PyFunceble.mysql.MySQL object at 0x7f272ed6ecf8>
[2019-10-08 11:16:23,856::DEBUG::PyFunceble/whois_db.py:94@__init__](PID16310): Table Name: pyfunceble_whois
[2019-10-08 11:16:23,856::DEBUG::PyFunceble/whois_db.py:95@__init__](PID16310): DB (File): 
[2019-10-08 11:16:23,857::DEBUG::PyFunceble/mining.py:96@__init__](PID16310): Authorization: False
[2019-10-08 11:16:23,857::DEBUG::PyFunceble/mining.py:97@__init__](PID16310): DB: <PyFunceble.mysql.MySQL object at 0x7f272ed6ecf8>
[2019-10-08 11:16:23,857::DEBUG::PyFunceble/mining.py:98@__init__](PID16310): Table Name: pyfunceble_mining
[2019-10-08 11:16:23,858::DEBUG::PyFunceble/auto_continue.py:101@__init__](PID16310): Authorization: True
[2019-10-08 11:16:23,858::DEBUG::PyFunceble/auto_continue.py:102@__init__](PID16310): DB: <PyFunceble.mysql.MySQL object at 0x7f272ed6ecf8>
[2019-10-08 11:16:23,858::DEBUG::PyFunceble/auto_continue.py:103@__init__](PID16310): Table Name: pyfunceble_auto_continue
[2019-10-08 11:16:23,859::DEBUG::PyFunceble/auto_continue.py:118@__init__](PID16310): DB (File): 
[2019-10-08 11:16:23,875::DEBUG::PyFunceble/prints.py:106@__init__](PID16310): Template: Less
[2019-10-08 11:16:23,875::DEBUG::PyFunceble/prints.py:107@__init__](PID16310): Destination: None
[2019-10-08 11:16:23,875::DEBUG::PyFunceble/prints.py:108@__init__](PID16310): Data to print:
[2019-10-08 11:16:23,876::DEBUG::PyFunceble/prints.py:109@__init__](PID16310): Only print on file: False
[2019-10-08 11:16:24,665::DEBUG::PyFunceble/status.py:117@__init__](PID16310): [027sn.com] File: /home/mitchellkrog/PyFuncebleTests/Phishing.Domains/input/ALL-feeds.lst
[2019-10-08 11:16:24,665::DEBUG::PyFunceble/status.py:119@__init__](PID16310): [027sn.com] Exclude file generation: False
[2019-10-08 11:16:24,666::DEBUG::PyFunceble/referer.py:216@__init__](PID16310): Extension to get the referer for: com
[2019-10-08 11:16:24,667::DEBUG::PyFunceble/http_code.py:133@__init__](PID16310): Subject: 'http://027sn.com:80'
[2019-10-08 11:16:24,667::DEBUG::PyFunceble/http_code.py:134@__init__](PID16310): Headers:
[2019-10-08 11:16:24,667::DEBUG::PyFunceble/referer.py:262@get](PID16310): Referer: whois.verisign-grs.com
[2019-10-08 11:16:24,670::DEBUG::PyFunceble/dns_lookup.py:101@__init__](PID16310): Given DNS server: ['158.69.2.23']
[2019-10-08 11:16:24,671::DEBUG::PyFunceble/dns_lookup.py:125@__init__](PID16310): DNS Resolver Nameservers: ['158.69.2.23']
[2019-10-08 11:16:24,671::DEBUG::PyFunceble/dns_lookup.py:127@__init__](PID16310): DNS Resolver timeout: 3
[2019-10-08 11:16:24,671::DEBUG::PyFunceble/dns_lookup.py:128@__init__](PID16310): DNS Resolver lifetime: 3
[2019-10-08 11:27:35,449::DEBUG::PyFunceble/iana.py:385@__init__](PID21132): Destination: '/home/mitchellkrog/PyFuncebleTests/Phishing.Domains/iana-domains-db.json'
[2019-10-08 11:27:35,449::DEBUG::PyFunceble/iana.py:386@__init__](PID21132): URL: 'https://www.iana.org/domains/root/db'
[2019-10-08 11:27:35,450::DEBUG::PyFunceble/preset.py:350@timeout](PID21132): CONFIGURATION.timeout switched to 5.0
[2019-10-08 11:27:35,873::DEBUG::/home/mitchellkrog/miniconda/envs/phishing-domains/lib/python3.7/site-packages/PyFunceble/config/merge.py:113@_is_local_version_different_from_upstream](PID21132): Local version is different from upstream: False
[2019-10-08 11:27:35,874::DEBUG::PyFunceble/dispatcher.py:93@__init__](PID21132): CONFIGURATION:
[2019-10-08 11:27:35,874::DEBUG::PyFunceble/execution_time.py:263@_starting_time](PID21132): Starting time: 1570526855.874568 | 2019-10-08 11:27:35.874568
[2019-10-08 11:27:35,888::DEBUG::PyFunceble/preset.py:343@timeout](PID21132): CONFIGURATION.timeout switched to 3.0
[2019-10-08 11:27:35,889::DEBUG::PyFunceble/inactive_db.py:96@__init__](PID21132): Authorization: True
[2019-10-08 11:27:36,711::DEBUG::PyFunceble/inactive_db.py:121@__init__](PID21132): DB: <PyFunceble.mysql.MySQL object at 0x7fc3cdf0efd0>
[2019-10-08 11:27:36,711::DEBUG::PyFunceble/inactive_db.py:122@__init__](PID21132): Table Name: pyfunceble_inactive
[2019-10-08 11:27:36,712::DEBUG::PyFunceble/inactive_db.py:123@__init__](PID21132): DB (File): 
[2019-10-08 11:27:36,712::DEBUG::PyFunceble/whois_db.py:93@__init__](PID21132): DB: <PyFunceble.mysql.MySQL object at 0x7fc3cdf0efd0>
[2019-10-08 11:27:36,713::DEBUG::PyFunceble/mining.py:96@__init__](PID21132): Authorization: False
[2019-10-08 11:27:36,713::DEBUG::PyFunceble/whois_db.py:94@__init__](PID21132): Table Name: pyfunceble_whois
[2019-10-08 11:27:36,713::DEBUG::PyFunceble/whois_db.py:95@__init__](PID21132): DB (File): 
[2019-10-08 11:27:36,714::DEBUG::PyFunceble/auto_continue.py:101@__init__](PID21132): Authorization: True
[2019-10-08 11:27:36,714::DEBUG::PyFunceble/mining.py:97@__init__](PID21132): DB: <PyFunceble.mysql.MySQL object at 0x7fc3cdf0efd0>
[2019-10-08 11:27:36,714::DEBUG::PyFunceble/mining.py:98@__init__](PID21132): Table Name: pyfunceble_mining
[2019-10-08 11:27:36,715::DEBUG::PyFunceble/auto_continue.py:102@__init__](PID21132): DB: <PyFunceble.mysql.MySQL object at 0x7fc3cdf0efd0>
[2019-10-08 11:27:36,715::DEBUG::PyFunceble/auto_continue.py:103@__init__](PID21132): Table Name: pyfunceble_auto_continue
[2019-10-08 11:27:36,715::DEBUG::PyFunceble/auto_continue.py:118@__init__](PID21132): DB (File): 
[2019-10-08 11:27:36,731::DEBUG::PyFunceble/prints.py:106@__init__](PID21132): Template: Less
[2019-10-08 11:27:36,732::DEBUG::PyFunceble/prints.py:107@__init__](PID21132): Destination: None
[2019-10-08 11:27:36,732::DEBUG::PyFunceble/prints.py:108@__init__](PID21132): Data to print:
[2019-10-08 11:27:36,732::DEBUG::PyFunceble/prints.py:109@__init__](PID21132): Only print on file: False
[2019-10-08 11:27:37,504::DEBUG::PyFunceble/status.py:117@__init__](PID21132): [027sn.com] File: /home/mitchellkrog/PyFuncebleTests/Phishing.Domains/input/ALL-feeds.lst
[2019-10-08 11:27:37,504::DEBUG::PyFunceble/status.py:119@__init__](PID21132): [027sn.com] Exclude file generation: False
[2019-10-08 11:27:37,506::DEBUG::PyFunceble/http_code.py:133@__init__](PID21132): Subject: 'http://027sn.com:80'
[2019-10-08 11:27:37,506::DEBUG::PyFunceble/referer.py:216@__init__](PID21132): Extension to get the referer for: com
[2019-10-08 11:27:37,506::DEBUG::PyFunceble/referer.py:262@get](PID21132): Referer: whois.verisign-grs.com
[2019-10-08 11:27:37,507::DEBUG::PyFunceble/http_code.py:134@__init__](PID21132): Headers:
[2019-10-08 11:27:37,509::DEBUG::PyFunceble/dns_lookup.py:101@__init__](PID21132): Given DNS server: ['158.69.2.23']
[2019-10-08 11:27:37,510::DEBUG::PyFunceble/dns_lookup.py:125@__init__](PID21132): DNS Resolver Nameservers: ['158.69.2.23']
[2019-10-08 11:27:37,510::DEBUG::PyFunceble/dns_lookup.py:127@__init__](PID21132): DNS Resolver timeout: 3
[2019-10-08 11:27:37,511::DEBUG::PyFunceble/dns_lookup.py:128@__init__](PID21132): DNS Resolver lifetime: 3
[2019-10-08 11:33:40,951::DEBUG::PyFunceble/iana.py:385@__init__](PID23458): Destination: '/home/mitchellkrog/PyFuncebleTests/Phishing.Domains/iana-domains-db.json'
[2019-10-08 11:33:40,952::DEBUG::PyFunceble/iana.py:386@__init__](PID23458): URL: 'https://www.iana.org/domains/root/db'
[2019-10-08 11:33:40,953::DEBUG::PyFunceble/preset.py:350@timeout](PID23458): CONFIGURATION.timeout switched to 5.0
[2019-10-08 11:33:41,357::DEBUG::/home/mitchellkrog/miniconda/envs/phishing-domains/lib/python3.7/site-packages/PyFunceble/config/merge.py:113@_is_local_version_different_from_upstream](PID23458): Local version is different from upstream: False
[2019-10-08 11:33:41,358::DEBUG::PyFunceble/dispatcher.py:93@__init__](PID23458): CONFIGURATION:
[2019-10-08 11:33:41,359::DEBUG::PyFunceble/execution_time.py:263@_starting_time](PID23458): Starting time: 1570527221.358972 | 2019-10-08 11:33:41.358972
[2019-10-08 11:33:41,373::DEBUG::PyFunceble/preset.py:343@timeout](PID23458): CONFIGURATION.timeout switched to 3.0
[2019-10-08 11:33:41,374::DEBUG::PyFunceble/inactive_db.py:96@__init__](PID23458): Authorization: True
[2019-10-08 11:33:42,264::DEBUG::PyFunceble/inactive_db.py:121@__init__](PID23458): DB: <PyFunceble.mysql.MySQL object at 0x7f4885c11be0>
[2019-10-08 11:33:42,264::DEBUG::PyFunceble/inactive_db.py:122@__init__](PID23458): Table Name: pyfunceble_inactive
[2019-10-08 11:33:42,265::DEBUG::PyFunceble/inactive_db.py:123@__init__](PID23458): DB (File): 
[2019-10-08 11:33:42,266::DEBUG::PyFunceble/whois_db.py:93@__init__](PID23458): DB: <PyFunceble.mysql.MySQL object at 0x7f4885c11be0>
[2019-10-08 11:33:42,266::DEBUG::PyFunceble/whois_db.py:94@__init__](PID23458): Table Name: pyfunceble_whois
[2019-10-08 11:33:42,266::DEBUG::PyFunceble/whois_db.py:95@__init__](PID23458): DB (File): 
[2019-10-08 11:33:42,267::DEBUG::PyFunceble/mining.py:96@__init__](PID23458): Authorization: False
[2019-10-08 11:33:42,267::DEBUG::PyFunceble/mining.py:97@__init__](PID23458): DB: <PyFunceble.mysql.MySQL object at 0x7f4885c11be0>
[2019-10-08 11:33:42,268::DEBUG::PyFunceble/auto_continue.py:101@__init__](PID23458): Authorization: True
[2019-10-08 11:33:42,268::DEBUG::PyFunceble/auto_continue.py:102@__init__](PID23458): DB: <PyFunceble.mysql.MySQL object at 0x7f4885c11be0>
[2019-10-08 11:33:42,268::DEBUG::PyFunceble/mining.py:98@__init__](PID23458): Table Name: pyfunceble_mining
[2019-10-08 11:33:42,269::DEBUG::PyFunceble/auto_continue.py:103@__init__](PID23458): Table Name: pyfunceble_auto_continue
[2019-10-08 11:33:42,269::DEBUG::PyFunceble/auto_continue.py:118@__init__](PID23458): DB (File): 
[2019-10-08 11:33:42,286::DEBUG::PyFunceble/prints.py:106@__init__](PID23458): Template: Less
[2019-10-08 11:33:42,287::DEBUG::PyFunceble/prints.py:107@__init__](PID23458): Destination: None
[2019-10-08 11:33:42,287::DEBUG::PyFunceble/prints.py:108@__init__](PID23458): Data to print:
[2019-10-08 11:33:42,287::DEBUG::PyFunceble/prints.py:109@__init__](PID23458): Only print on file: False
[2019-10-08 11:33:43,108::DEBUG::PyFunceble/status.py:117@__init__](PID23458): [027sn.com] File: /home/mitchellkrog/PyFuncebleTests/Phishing.Domains/input/ALL-feeds.lst
[2019-10-08 11:33:43,108::DEBUG::PyFunceble/status.py:119@__init__](PID23458): [027sn.com] Exclude file generation: False
[2019-10-08 11:33:43,110::DEBUG::PyFunceble/referer.py:216@__init__](PID23458): Extension to get the referer for: com
[2019-10-08 11:33:43,110::DEBUG::PyFunceble/referer.py:262@get](PID23458): Referer: whois.verisign-grs.com
[2019-10-08 11:33:43,111::DEBUG::PyFunceble/http_code.py:133@__init__](PID23458): Subject: 'http://027sn.com:80'
[2019-10-08 11:33:43,111::DEBUG::PyFunceble/http_code.py:134@__init__](PID23458): Headers:
[2019-10-08 11:33:43,114::DEBUG::PyFunceble/dns_lookup.py:101@__init__](PID23458): Given DNS server: ['1.1.1.1', '1.0.0.1']
[2019-10-08 11:33:43,114::DEBUG::PyFunceble/dns_lookup.py:125@__init__](PID23458): DNS Resolver Nameservers: ['1.1.1.1', '1.0.0.1']
[2019-10-08 11:33:43,114::DEBUG::PyFunceble/dns_lookup.py:127@__init__](PID23458): DNS Resolver timeout: 3
[2019-10-08 11:33:43,115::DEBUG::PyFunceble/dns_lookup.py:128@__init__](PID23458): DNS Resolver lifetime: 3
None
{'User-Agent': 'Mozilla/5.0 (X11; Linux x86_64) AppleWebKit/537.36 (KHTML, like Gecko) Chrome/73.0.3683.86 Safari/537.36'}
{'adblock': False, 'aggressive': False, 'auto_continue': True, 'command': '', 'command_before_end': '', 'custom_ip': '0.0.0.0', 'days_between_db_retest': 1, 'db_type': 'mariadb', 'debug': False, 'dns_server': ['1.1.1.1', '1.0.0.1'], 'filter': '', 'generate_complements': False, 'generate_hosts': True, 'generate_json': False, 'header_printed': False, 'hierarchical_sorting': False, 'http_codes': {'active': True, 'list': {'potentially_down': [400, 402, 403, 404, 409, 410, 412, 414, 415, 416], 'potentially_up': [0, 300, 301, 302, 303, 304, 305, 307, 403, 405, 406, 407, 408, 411, 413, 417, 500, 501, 502, 503, 504, 505], 'up': [100, 101, 200, 201, 202, 203, 204, 205, 206]}, 'not_found_default': 'XXX'}, 'iana_whois_server': 'whois.iana.org', 'idna_conversion': True, 'inactive_database': True, 'less': True, 'links': {'api_date_format': 'https://pyfunceble.funilrys.com/api/date-format', 'api_no_referer': 'https://pyfunceble.funilrys.com/api/no-referer', 'config': 'https://raw.githubusercontent.com/funilrys/PyFunceble/dev/.PyFunceble_production.yaml', 'dir_structure': 'https://raw.githubusercontent.com/funilrys/PyFunceble/dev/dir_structure_production.json', 'iana': 'https://raw.githubusercontent.com/funilrys/PyFunceble/dev/iana-domains-db.json', 'mariadb': 'https://raw.githubusercontent.com/funilrys/PyFunceble/dev/db_types/mariadb.sql', 'mysql': 'https://raw.githubusercontent.com/funilrys/PyFunceble/dev/db_types/mysql.sql', 'psl': 'https://raw.githubusercontent.com/funilrys/PyFunceble/dev/public-suffix.json', 'repo': 'https://github.com/funilrys/PyFunceble', 'requirements': 'https://raw.githubusercontent.com/funilrys/PyFunceble/dev/requirements.txt', 'sqlite': 'https://raw.githubusercontent.com/funilrys/PyFunceble/dev/db_types/sqlite.sql'}, 'local': False, 'logs': True, 'maximal_processes': 25, 'mining': False, 'multiprocess': False, 'no_files': False, 'no_special': False, 'no_whois': False, 'outputs': {'analytic': {'directories': {'parent': 'Analytic/', 'potentially_down': 'POTENTIALLY_INACTIVE/', 'potentially_up': 'POTENTIALLY_ACTIVE/', 'suspicious': 'SUSPICIOUS/', 'up': 'ACTIVE/'}, 'filenames': {'potentially_down': 'down_or_potentially_down', 'potentially_up': 'potentially_up', 'suspicious': 'suspicious_and_merged_in_results', 'up': 'active_and_merged_in_results'}}, 'complements': {'directory': 'complements/'}, 'db_type': {'directory': 'db_types/', 'files': {'mariadb': 'mariadb.sql', 'mysql': 'mysql.sql', 'sqlite': 'sqlite.sql'}}, 'default_files': {'dir_structure': 'dir_structure.json', 'iana': 'iana-domains-db.json', 'inactive_db': 'inactive_db.json', 'mining': 'mining.json', 'public_suffix': 'public-suffix.json', 'results': 'results.txt', 'sqlite': 'pyfunceble.db', 'whois_db': 'whois_db.json'}, 'domains': {'directory': 'domains/', 'filename': 'list'}, 'hosts': {'directory': 'hosts/', 'filename': 'hosts', 'ip_filename': 'ips'}, 'json': {'directory': 'json/', 'filename': 'dump.json'}, 'logs': {'directories': {'parent': 'logs/', 'percentage': 'percentage/'}, 'filenames': {'auto_continue': 'continue.json', 'date_format': 'date_format.json', 'execution_time': 'execution_time.json', 'no_referer': 'no_referer.json', 'percentage': 'percentage.txt', 'whois': 'whois.json'}}, 'parent_directory': 'output/', 'splited': {'directory': 'splited/'}}, 'plain_list_domain': True, 'quiet': False, 'share_logs': False, 'show_execution_time': True, 'show_percentage': True, 'simple': False, 'split': True, 'status': {'list': {'down': ['down', 'inactive', 'error'], 'generic': ['generic'], 'http_active': ['http_active'], 'invalid': ['ouch', 'invalid'], 'potentially_down': ['potentially_down', 'potentially_inactive'], 'potentially_up': ['potentially_up', 'potentially_active'], 'suspicious': ['strange', 'suspicious', 'hum'], 'up': ['up', 'active'], 'valid': ['valid', 'syntax_valid', 'valid_syntax']}, 'official': {'down': 'INACTIVE', 'invalid': 'INVALID', 'up': 'ACTIVE', 'valid': 'VALID'}}, 'syntax': False, 'timeout': 2, 'timout': 3, 'travis': False, 'travis_autosave_commit': 'PyFunceble - AutoSave', 'travis_autosave_final_commit': 'PyFunceble - Results', 'travis_autosave_minutes': 15, 'travis_branch': 'master', 'unified': False, 'user_agent': 'Mozilla/5.0 (X11; Linux x86_64) AppleWebKit/537.36 (KHTML, like Gecko) Chrome/73.0.3683.86 Safari/537.36', 'verify_ssl_certificate': False, 'whois_database': True}
{'adblock': False, 'aggressive': False, 'auto_continue': True, 'command': '', 'command_before_end': '', 'custom_ip': '0.0.0.0', 'days_between_db_retest': 1, 'db_type': 'mariadb', 'debug': False, 'dns_server': ['158.69.2.23'], 'filter': '', 'generate_complements': False, 'generate_hosts': True, 'generate_json': False, 'header_printed': False, 'hierarchical_sorting': False, 'http_codes': {'active': True, 'list': {'potentially_down': [400, 402, 403, 404, 409, 410, 412, 414, 415, 416], 'potentially_up': [0, 300, 301, 302, 303, 304, 305, 307, 403, 405, 406, 407, 408, 411, 413, 417, 500, 501, 502, 503, 504, 505], 'up': [100, 101, 200, 201, 202, 203, 204, 205, 206]}, 'not_found_default': 'XXX'}, 'iana_whois_server': 'whois.iana.org', 'idna_conversion': True, 'inactive_database': True, 'less': True, 'links': {'api_date_format': 'https://pyfunceble.funilrys.com/api/date-format', 'api_no_referer': 'https://pyfunceble.funilrys.com/api/no-referer', 'config': 'https://raw.githubusercontent.com/funilrys/PyFunceble/dev/.PyFunceble_production.yaml', 'dir_structure': 'https://raw.githubusercontent.com/funilrys/PyFunceble/dev/dir_structure_production.json', 'iana': 'https://raw.githubusercontent.com/funilrys/PyFunceble/dev/iana-domains-db.json', 'mariadb': 'https://raw.githubusercontent.com/funilrys/PyFunceble/dev/db_types/mariadb.sql', 'mysql': 'https://raw.githubusercontent.com/funilrys/PyFunceble/dev/db_types/mysql.sql', 'psl': 'https://raw.githubusercontent.com/funilrys/PyFunceble/dev/public-suffix.json', 'repo': 'https://github.com/funilrys/PyFunceble', 'requirements': 'https://raw.githubusercontent.com/funilrys/PyFunceble/dev/requirements.txt', 'sqlite': 'https://raw.githubusercontent.com/funilrys/PyFunceble/dev/db_types/sqlite.sql'}, 'local': False, 'logs': True, 'maximal_processes': 25, 'mining': False, 'multiprocess': False, 'no_files': False, 'no_special': False, 'no_whois': False, 'outputs': {'analytic': {'directories': {'parent': 'Analytic/', 'potentially_down': 'POTENTIALLY_INACTIVE/', 'potentially_up': 'POTENTIALLY_ACTIVE/', 'suspicious': 'SUSPICIOUS/', 'up': 'ACTIVE/'}, 'filenames': {'potentially_down': 'down_or_potentially_down', 'potentially_up': 'potentially_up', 'suspicious': 'suspicious_and_merged_in_results', 'up': 'active_and_merged_in_results'}}, 'complements': {'directory': 'complements/'}, 'db_type': {'directory': 'db_types/', 'files': {'mariadb': 'mariadb.sql', 'mysql': 'mysql.sql', 'sqlite': 'sqlite.sql'}}, 'default_files': {'dir_structure': 'dir_structure.json', 'iana': 'iana-domains-db.json', 'inactive_db': 'inactive_db.json', 'mining': 'mining.json', 'public_suffix': 'public-suffix.json', 'results': 'results.txt', 'sqlite': 'pyfunceble.db', 'whois_db': 'whois_db.json'}, 'domains': {'directory': 'domains/', 'filename': 'list'}, 'hosts': {'directory': 'hosts/', 'filename': 'hosts', 'ip_filename': 'ips'}, 'json': {'directory': 'json/', 'filename': 'dump.json'}, 'logs': {'directories': {'parent': 'logs/', 'percentage': 'percentage/'}, 'filenames': {'auto_continue': 'continue.json', 'date_format': 'date_format.json', 'execution_time': 'execution_time.json', 'no_referer': 'no_referer.json', 'percentage': 'percentage.txt', 'whois': 'whois.json'}}, 'parent_directory': 'output/', 'splited': {'directory': 'splited/'}}, 'plain_list_domain': True, 'quiet': False, 'share_logs': False, 'show_execution_time': True, 'show_percentage': True, 'simple': False, 'split': True, 'status': {'list': {'down': ['down', 'inactive', 'error'], 'generic': ['generic'], 'http_active': ['http_active'], 'invalid': ['ouch', 'invalid'], 'potentially_down': ['potentially_down', 'potentially_inactive'], 'potentially_up': ['potentially_up', 'potentially_active'], 'suspicious': ['strange', 'suspicious', 'hum'], 'up': ['up', 'active'], 'valid': ['valid', 'syntax_valid', 'valid_syntax']}, 'official': {'down': 'INACTIVE', 'invalid': 'INVALID', 'up': 'ACTIVE', 'valid': 'VALID'}}, 'syntax': False, 'timeout': 2, 'timout': 3, 'travis': False, 'travis_autosave_commit': 'PyFunceble - AutoSave', 'travis_autosave_final_commit': 'PyFunceble - Results', 'travis_autosave_minutes': 15, 'travis_branch': 'master', 'unified': False, 'user_agent': 'Mozilla/5.0 (X11; Linux x86_64) AppleWebKit/537.36 (KHTML, like Gecko) Chrome/73.0.3683.86 Safari/537.36', 'verify_ssl_certificate': False, 'whois_database': True}
{'adblock': False, 'aggressive': False, 'auto_continue': True, 'command': '', 'command_before_end': '', 'custom_ip': '0.0.0.0', 'days_between_db_retest': 1, 'db_type': 'mariadb', 'debug': True, 'dns_server': ['158.69.2.23'], 'filter': '', 'generate_complements': False, 'generate_hosts': True, 'generate_json': False, 'header_printed': False, 'hierarchical_sorting': False, 'http_codes': {'active': True, 'list': {'potentially_down': [400, 402, 403, 404, 409, 410, 412, 414, 415, 416], 'potentially_up': [0, 300, 301, 302, 303, 304, 305, 307, 403, 405, 406, 407, 408, 411, 413, 417, 500, 501, 502, 503, 504, 505], 'up': [100, 101, 200, 201, 202, 203, 204, 205, 206]}, 'not_found_default': 'XXX'}, 'iana_whois_server': 'whois.iana.org', 'idna_conversion': True, 'inactive_database': True, 'less': True, 'links': {'api_date_format': 'https://pyfunceble.funilrys.com/api/date-format', 'api_no_referer': 'https://pyfunceble.funilrys.com/api/no-referer', 'config': 'https://raw.githubusercontent.com/funilrys/PyFunceble/dev/.PyFunceble_production.yaml', 'dir_structure': 'https://raw.githubusercontent.com/funilrys/PyFunceble/dev/dir_structure_production.json', 'iana': 'https://raw.githubusercontent.com/funilrys/PyFunceble/dev/iana-domains-db.json', 'mariadb': 'https://raw.githubusercontent.com/funilrys/PyFunceble/dev/db_types/mariadb.sql', 'mysql': 'https://raw.githubusercontent.com/funilrys/PyFunceble/dev/db_types/mysql.sql', 'psl': 'https://raw.githubusercontent.com/funilrys/PyFunceble/dev/public-suffix.json', 'repo': 'https://github.com/funilrys/PyFunceble', 'requirements': 'https://raw.githubusercontent.com/funilrys/PyFunceble/dev/requirements.txt', 'sqlite': 'https://raw.githubusercontent.com/funilrys/PyFunceble/dev/db_types/sqlite.sql'}, 'local': False, 'logs': True, 'maximal_processes': 25, 'mining': False, 'multiprocess': False, 'no_files': False, 'no_special': False, 'no_whois': False, 'outputs': {'analytic': {'directories': {'parent': 'Analytic/', 'potentially_down': 'POTENTIALLY_INACTIVE/', 'potentially_up': 'POTENTIALLY_ACTIVE/', 'suspicious': 'SUSPICIOUS/', 'up': 'ACTIVE/'}, 'filenames': {'potentially_down': 'down_or_potentially_down', 'potentially_up': 'potentially_up', 'suspicious': 'suspicious_and_merged_in_results', 'up': 'active_and_merged_in_results'}}, 'complements': {'directory': 'complements/'}, 'db_type': {'directory': 'db_types/', 'files': {'mariadb': 'mariadb.sql', 'mysql': 'mysql.sql', 'sqlite': 'sqlite.sql'}}, 'default_files': {'dir_structure': 'dir_structure.json', 'iana': 'iana-domains-db.json', 'inactive_db': 'inactive_db.json', 'mining': 'mining.json', 'public_suffix': 'public-suffix.json', 'results': 'results.txt', 'sqlite': 'pyfunceble.db', 'whois_db': 'whois_db.json'}, 'domains': {'directory': 'domains/', 'filename': 'list'}, 'hosts': {'directory': 'hosts/', 'filename': 'hosts', 'ip_filename': 'ips'}, 'json': {'directory': 'json/', 'filename': 'dump.json'}, 'logs': {'directories': {'parent': 'logs/', 'percentage': 'percentage/'}, 'filenames': {'auto_continue': 'continue.json', 'date_format': 'date_format.json', 'execution_time': 'execution_time.json', 'no_referer': 'no_referer.json', 'percentage': 'percentage.txt', 'whois': 'whois.json'}}, 'parent_directory': 'output/', 'splited': {'directory': 'splited/'}}, 'plain_list_domain': True, 'quiet': False, 'share_logs': False, 'show_execution_time': True, 'show_percentage': True, 'simple': False, 'split': True, 'status': {'list': {'down': ['down', 'inactive', 'error'], 'generic': ['generic'], 'http_active': ['http_active'], 'invalid': ['ouch', 'invalid'], 'potentially_down': ['potentially_down', 'potentially_inactive'], 'potentially_up': ['potentially_up', 'potentially_active'], 'suspicious': ['strange', 'suspicious', 'hum'], 'up': ['up', 'active'], 'valid': ['valid', 'syntax_valid', 'valid_syntax']}, 'official': {'down': 'INACTIVE', 'invalid': 'INVALID', 'up': 'ACTIVE', 'valid': 'VALID'}}, 'syntax': False, 'timeout': 2, 'timout': 3, 'travis': False, 'travis_autosave_commit': 'PyFunceble - AutoSave', 'travis_autosave_final_commit': 'PyFunceble - Results', 'travis_autosave_minutes': 15, 'travis_branch': 'master', 'unified': False, 'user_agent': 'Mozilla/5.0 (X11; Linux x86_64) AppleWebKit/537.36 (KHTML, like Gecko) Chrome/73.0.3683.86 Safari/537.36', 'verify_ssl_certificate': False, 'whois_database': True}